#***************************************************************************

#sjplacer

#Version:            1.1

#Build Date:         Apr 25 2016 12:55:34

#File Generated:     Jun 1 2016 11:15:23

#Purpose:            

#Copyright (C) 2010-2011 by Softjin Technologies Pvt Ltd. All rights reserved.

#***************************************************************************

Executing : C:\Program Files (x86)\Cypress\PSoC Creator\3.3\PSoC Creator\bin/sjplacer.exe --proj-name PSOC4MIO_HAL --netlist-vh2 PSOC4MIO_HAL_p.vh2 --arch-file C:\Program Files (x86)\Cypress\PSoC Creator\3.3\PSoC Creator\dev/arch/p4_udb2x2.ark --rrg-file C:\Program Files (x86)\Cypress\PSoC Creator\3.3\PSoC Creator\dev/psoc4/4/route_arch-rrg.cydata --irq-file C:\Program Files (x86)\Cypress\PSoC Creator\3.3\PSoC Creator\dev/psoc4/4/irqconn.cydata --drq-file C:\Program Files (x86)\Cypress\PSoC Creator\3.3\PSoC Creator\dev/psoc4/4/triggerconn.cydata --dsi-conn-file C:\Program Files (x86)\Cypress\PSoC Creator\3.3\PSoC Creator\dev/psoc4/4/dsiconn.cydata --pins-file pins_68-QFN.xml --lib-file PSOC4MIO_HAL_p.lib --sdc-file PSOC4MIO_HAL.sdc --io-pcf PSOC4MIO_HAL.pci --outdir .

		Softjin Techologies Placer, Version 1.1

Build Date : Apr 25 2016	12:53:53

D2004: Option and Settings Summary
=============================================================
Netlist vh2 file          - PSOC4MIO_HAL_p.vh2
Architecture file         - C:\Program Files (x86)\Cypress\PSoC Creator\3.3\PSoC Creator\dev/arch/p4_udb2x2.ark
Package                   - 
Defparam file             - 
SDC file                  - PSOC4MIO_HAL.sdc
Output directory          - .
Timing library            - PSOC4MIO_HAL_p.lib
IO Placement file         - PSOC4MIO_HAL.pci

D2050: Starting reading inputs for placer
=============================================================
D2065: Reading netlist file : "PSOC4MIO_HAL_p.vh2"
D2065: Reading arch file : "C:\Program Files (x86)\Cypress\PSoC Creator\3.3\PSoC Creator\dev/arch/p4_udb2x2.ark"
D2051: Reading of inputs for placer completed successfully

D2053: Starting placement of the design
=============================================================

Phase 2
Phase 3

Design Statistics after Packing
    Number of Combinational MCs 	:	1
    Number of Sequential MCs    	:	1
    Number of DPs               	:	2
    Number of Controls          	:	1
    Number of Status            	:	2
    Number of SyncCells         	:	2
    Number of count7cells       	:	0

Device Utilization Summary after Packing
    Macrocells                  :	2/32
    UDBS                        :	3/4
    IOs                         :	24/55


D2088: Phase 3, elapsed time : 0.0 (sec)

Phase 4
D2088: Phase 4, elapsed time : 0.0 (sec)

Phase 6

######################################################################
Placement Timing Summary

The timing summary is based on estimated routing delays after
placement. For final timing report, please carry out the timing
analysis after routing.
======================================================================

######################################################################
                     Clock Summary 
======================================================================
Number of clocks: 16
Clock: ADC_1_intClock       | Frequency: N/A       | Target:   1.0 MHz
Clock: ADC_1_intClock(FFB)  | Frequency: N/A       | Target:   1.0 MHz
Clock: CyHFCLK              | Frequency:  41.7 MHz | Target:  48.0 MHz
Clock: CyIMO                | Frequency: N/A       | Target:  48.0 MHz
Clock: CyLFCLK              | Frequency: N/A       | Target:   0.0 MHz
Clock: CyRouted1            | Frequency: N/A       | Target:  48.0 MHz
Clock: CySYSCLK             | Frequency: N/A       | Target:  48.0 MHz
Clock: CyWCO                | Frequency: N/A       | Target:   0.0 MHz
Clock: LCD_SCBCLK           | Frequency: N/A       | Target:   0.1 MHz
Clock: LCD_SCBCLK(FFB)      | Frequency: N/A       | Target:   0.1 MHz
Clock: SPI_1_SCBCLK         | Frequency: N/A       | Target:  16.0 MHz
Clock: SPI_1_SCBCLK(FFB)    | Frequency: N/A       | Target:  16.0 MHz
Clock: console_SCBCLK       | Frequency: N/A       | Target:   0.2 MHz
Clock: console_SCBCLK(FFB)  | Frequency: N/A       | Target:   0.2 MHz
Clock: gpio1_SCBCLK         | Frequency: N/A       | Target:   1.6 MHz
Clock: gpio1_SCBCLK(FFB)    | Frequency: N/A       | Target:   1.6 MHz

======================================================================
                     End of Clock Summary
######################################################################

D2088: Phase 6, elapsed time : 0.0 (sec)

Phase 7
######################################################################
                     Clock Summary 
======================================================================
Number of clocks: 16
Clock: ADC_1_intClock       | Frequency: N/A       | Target:   1.0 MHz
Clock: ADC_1_intClock(FFB)  | Frequency: N/A       | Target:   1.0 MHz
Clock: CyHFCLK              | Frequency:  41.7 MHz | Target:  48.0 MHz
Clock: CyIMO                | Frequency: N/A       | Target:  48.0 MHz
Clock: CyLFCLK              | Frequency: N/A       | Target:   0.0 MHz
Clock: CyRouted1            | Frequency: N/A       | Target:  48.0 MHz
Clock: CySYSCLK             | Frequency: N/A       | Target:  48.0 MHz
Clock: CyWCO                | Frequency: N/A       | Target:   0.0 MHz
Clock: LCD_SCBCLK           | Frequency: N/A       | Target:   0.1 MHz
Clock: LCD_SCBCLK(FFB)      | Frequency: N/A       | Target:   0.1 MHz
Clock: SPI_1_SCBCLK         | Frequency: N/A       | Target:  16.0 MHz
Clock: SPI_1_SCBCLK(FFB)    | Frequency: N/A       | Target:  16.0 MHz
Clock: console_SCBCLK       | Frequency: N/A       | Target:   0.2 MHz
Clock: console_SCBCLK(FFB)  | Frequency: N/A       | Target:   0.2 MHz
Clock: gpio1_SCBCLK         | Frequency: N/A       | Target:   1.6 MHz
Clock: gpio1_SCBCLK(FFB)    | Frequency: N/A       | Target:   1.6 MHz

======================================================================
                     End of Clock Summary
######################################################################
D2088: Phase 7, elapsed time : 0.0 (sec)

Final Design Statistics
    Number of Combinational MCs 	:	1
    Number of Sequential MCs    	:	1
    Number of DPs               	:	2
    Number of Controls          	:	1
    Number of Status            	:	2
    Number of SyncCells         	:	2
    Number of count7cells       	:	0
    Number of IOs       	:	24

Device Utilization Summary
    Macrocells                  :	2/32
    IOs                         :	24/55



######################################################################
Placement Timing Summary

The timing summary is based on estimated routing delays after
placement. For final timing report, please carry out the timing
analysis after routing.
======================================================================


######################################################################
                     Clock Summary 
======================================================================
Number of clocks: 16
Clock: ADC_1_intClock       | Frequency: N/A       | Target:   1.0 MHz
Clock: ADC_1_intClock(FFB)  | Frequency: N/A       | Target:   1.0 MHz
Clock: CyHFCLK              | Frequency:  41.7 MHz | Target:  48.0 MHz
Clock: CyIMO                | Frequency: N/A       | Target:  48.0 MHz
Clock: CyLFCLK              | Frequency: N/A       | Target:   0.0 MHz
Clock: CyRouted1            | Frequency: N/A       | Target:  48.0 MHz
Clock: CySYSCLK             | Frequency: N/A       | Target:  48.0 MHz
Clock: CyWCO                | Frequency: N/A       | Target:   0.0 MHz
Clock: LCD_SCBCLK           | Frequency: N/A       | Target:   0.1 MHz
Clock: LCD_SCBCLK(FFB)      | Frequency: N/A       | Target:   0.1 MHz
Clock: SPI_1_SCBCLK         | Frequency: N/A       | Target:  16.0 MHz
Clock: SPI_1_SCBCLK(FFB)    | Frequency: N/A       | Target:  16.0 MHz
Clock: console_SCBCLK       | Frequency: N/A       | Target:   0.2 MHz
Clock: console_SCBCLK(FFB)  | Frequency: N/A       | Target:   0.2 MHz
Clock: gpio1_SCBCLK         | Frequency: N/A       | Target:   1.6 MHz
Clock: gpio1_SCBCLK(FFB)    | Frequency: N/A       | Target:   1.6 MHz

======================================================================
                     End of Clock Summary
######################################################################

Phase 8
D2088: Phase 8, elapsed time : 0.0 (sec)

D2054: Placement of the design completed successfully

I2076: Total run-time: 0.3 sec.

