ARM GAS  C:\Users\Nick\AppData\Local\Temp\ccyPIJy9.s 			page 1


   1              		.cpu cortex-m0
   2              		.fpu softvfp
   3              		.eabi_attribute 20, 1
   4              		.eabi_attribute 21, 1
   5              		.eabi_attribute 23, 3
   6              		.eabi_attribute 24, 1
   7              		.eabi_attribute 25, 1
   8              		.eabi_attribute 26, 1
   9              		.eabi_attribute 30, 1
  10              		.eabi_attribute 34, 0
  11              		.eabi_attribute 18, 4
  12              		.code	16
  13              		.file	"DieTemp_1.c"
  14              		.text
  15              	.Ltext0:
  16              		.cfi_sections	.debug_frame
  17              		.global	__aeabi_idiv
  18              		.section	.text.DieTemp_1_CountsTo_Celsius,"ax",%progbits
  19              		.align	2
  20              		.global	DieTemp_1_CountsTo_Celsius
  21              		.code	16
  22              		.thumb_func
  23              		.type	DieTemp_1_CountsTo_Celsius, %function
  24              	DieTemp_1_CountsTo_Celsius:
  25              	.LFB1:
  26              		.file 1 ".\\Generated_Source\\PSoC4\\DieTemp_1.c"
   1:.\Generated_Source\PSoC4/DieTemp_1.c **** /*******************************************************************************
   2:.\Generated_Source\PSoC4/DieTemp_1.c **** * File Name: DieTemp_1.c
   3:.\Generated_Source\PSoC4/DieTemp_1.c **** * Version 1.0
   4:.\Generated_Source\PSoC4/DieTemp_1.c **** *
   5:.\Generated_Source\PSoC4/DieTemp_1.c **** * Description:
   6:.\Generated_Source\PSoC4/DieTemp_1.c **** *  This file provides the source code of APIs for the DieTemp_P4 component.
   7:.\Generated_Source\PSoC4/DieTemp_1.c **** *
   8:.\Generated_Source\PSoC4/DieTemp_1.c **** *******************************************************************************
   9:.\Generated_Source\PSoC4/DieTemp_1.c **** * Copyright 2013, Cypress Semiconductor Corporation.  All rights reserved.
  10:.\Generated_Source\PSoC4/DieTemp_1.c **** * You may use this file only in accordance with the license, terms, conditions,
  11:.\Generated_Source\PSoC4/DieTemp_1.c **** * disclaimers, and limitations in the end user license agreement accompanying
  12:.\Generated_Source\PSoC4/DieTemp_1.c **** * the software package with which this file was provided.
  13:.\Generated_Source\PSoC4/DieTemp_1.c **** *******************************************************************************/
  14:.\Generated_Source\PSoC4/DieTemp_1.c **** 
  15:.\Generated_Source\PSoC4/DieTemp_1.c **** #include "DieTemp_1.h"
  16:.\Generated_Source\PSoC4/DieTemp_1.c **** 
  17:.\Generated_Source\PSoC4/DieTemp_1.c **** 
  18:.\Generated_Source\PSoC4/DieTemp_1.c **** /*******************************************************************************
  19:.\Generated_Source\PSoC4/DieTemp_1.c **** * Function Name: DieTemp_1_CountsTo_Celsius
  20:.\Generated_Source\PSoC4/DieTemp_1.c **** ********************************************************************************
  21:.\Generated_Source\PSoC4/DieTemp_1.c **** *
  22:.\Generated_Source\PSoC4/DieTemp_1.c **** * Summary:
  23:.\Generated_Source\PSoC4/DieTemp_1.c **** *  Converts the ADC output to degrees Celsius.
  24:.\Generated_Source\PSoC4/DieTemp_1.c **** *
  25:.\Generated_Source\PSoC4/DieTemp_1.c **** * Parameters:
  26:.\Generated_Source\PSoC4/DieTemp_1.c **** *  int32 adcCounts:
  27:.\Generated_Source\PSoC4/DieTemp_1.c **** *   Result from the ADC Conversion
  28:.\Generated_Source\PSoC4/DieTemp_1.c **** *
  29:.\Generated_Source\PSoC4/DieTemp_1.c **** * Return:
  30:.\Generated_Source\PSoC4/DieTemp_1.c **** *  Temperature in degrees Celsius
  31:.\Generated_Source\PSoC4/DieTemp_1.c **** *
ARM GAS  C:\Users\Nick\AppData\Local\Temp\ccyPIJy9.s 			page 2


  32:.\Generated_Source\PSoC4/DieTemp_1.c **** * Global variables:
  33:.\Generated_Source\PSoC4/DieTemp_1.c **** *  None
  34:.\Generated_Source\PSoC4/DieTemp_1.c **** *
  35:.\Generated_Source\PSoC4/DieTemp_1.c **** *******************************************************************************/
  36:.\Generated_Source\PSoC4/DieTemp_1.c **** int32 DieTemp_1_CountsTo_Celsius(int32 adcCounts)
  37:.\Generated_Source\PSoC4/DieTemp_1.c **** {
  27              		.loc 1 37 0
  28              		.cfi_startproc
  29              	.LVL0:
  30 0000 10B5     		push	{r4, lr}
  31              		.cfi_def_cfa_offset 8
  32              		.cfi_offset 4, -8
  33              		.cfi_offset 14, -4
  38:.\Generated_Source\PSoC4/DieTemp_1.c ****     int32 tempCelsius;
  39:.\Generated_Source\PSoC4/DieTemp_1.c ****     int32 tInitial;
  40:.\Generated_Source\PSoC4/DieTemp_1.c ****     int32 tAdjust;
  41:.\Generated_Source\PSoC4/DieTemp_1.c ****     int32 offsetReg;
  42:.\Generated_Source\PSoC4/DieTemp_1.c ****     int32 multReg;
  43:.\Generated_Source\PSoC4/DieTemp_1.c **** 
  44:.\Generated_Source\PSoC4/DieTemp_1.c ****     offsetReg = (int16)DieTemp_1_SAR_TEMP_OFFSET_REG;
  34              		.loc 1 44 0
  35 0002 164B     		ldr	r3, .L4
  36 0004 1A88     		ldrh	r2, [r3]
  37 0006 12B2     		sxth	r2, r2
  38              	.LVL1:
  45:.\Generated_Source\PSoC4/DieTemp_1.c ****     multReg   = (int16)DieTemp_1_SAR_TEMP_MULTIPLIER_REG;
  39              		.loc 1 45 0
  40 0008 154B     		ldr	r3, .L4+4
  41 000a 1988     		ldrh	r1, [r3]
  42 000c 0CB2     		sxth	r4, r1
  43              	.LVL2:
  46:.\Generated_Source\PSoC4/DieTemp_1.c ****     /* Calculate tInitial in Q16.16 */
  47:.\Generated_Source\PSoC4/DieTemp_1.c ****     tInitial = (adcCounts * multReg) + (offsetReg * DieTemp_1_SAR_TEMP_OFFSET_MULT);
  44              		.loc 1 47 0
  45 000e 6043     		mul	r0, r4
  46              	.LVL3:
  47 0010 9202     		lsl	r2, r2, #10
  48              	.LVL4:
  49 0012 8418     		add	r4, r0, r2
  50              	.LVL5:
  48:.\Generated_Source\PSoC4/DieTemp_1.c **** 
  49:.\Generated_Source\PSoC4/DieTemp_1.c ****     if(tInitial >= DieTemp_1_DUAL_SLOPE_CORRECTION)
  51              		.loc 1 49 0
  52 0014 134B     		ldr	r3, .L4+8
  53 0016 9C42     		cmp	r4, r3
  54 0018 0BDD     		ble	.L2
  50:.\Generated_Source\PSoC4/DieTemp_1.c ****     {
  51:.\Generated_Source\PSoC4/DieTemp_1.c ****         /* Shift (100 - tInitial) by 4 bits to prevent scale-adjustment from overflowing. */
  52:.\Generated_Source\PSoC4/DieTemp_1.c ****         /* Then divide by the integer bits of (100 - cutoff) to end up with a Q16.16 tAdjust */
  53:.\Generated_Source\PSoC4/DieTemp_1.c ****         tAdjust = (DieTemp_1_SCALE_ADJUSTMENT * (((int32)DieTemp_1_HIGH_TEMPERATURE - tInitial)
  55              		.loc 1 53 0
  56 001a C823     		mov	r3, #200
  57 001c DB03     		lsl	r3, r3, #15
  58 001e 1B1B     		sub	r3, r3, r4
  54:.\Generated_Source\PSoC4/DieTemp_1.c ****             / (int32)DieTemp_1_SCALE_ADJUSTMENT_DIVIDER)) /
  59              		.loc 1 54 0
  60 0020 D817     		asr	r0, r3, #31
ARM GAS  C:\Users\Nick\AppData\Local\Temp\ccyPIJy9.s 			page 3


  61 0022 000F     		lsr	r0, r0, #28
  62 0024 C018     		add	r0, r0, r3
  63 0026 0011     		asr	r0, r0, #4
  53:.\Generated_Source\PSoC4/DieTemp_1.c ****             / (int32)DieTemp_1_SCALE_ADJUSTMENT_DIVIDER)) /
  64              		.loc 1 53 0
  65 0028 C000     		lsl	r0, r0, #3
  66 002a 5521     		mov	r1, #85
  67              	.LVL6:
  68 002c FFF7FEFF 		bl	__aeabi_idiv
  69              	.LVL7:
  70 0030 0AE0     		b	.L3
  71              	.LVL8:
  72              	.L2:
  55:.\Generated_Source\PSoC4/DieTemp_1.c ****             (((int32)DieTemp_1_HIGH_TEMPERATURE - (int32)DieTemp_1_DUAL_SLOPE_CORRECTION) /
  56:.\Generated_Source\PSoC4/DieTemp_1.c ****             DieTemp_1_SAR_TEMP_DIVIDER);
  57:.\Generated_Source\PSoC4/DieTemp_1.c ****     }
  58:.\Generated_Source\PSoC4/DieTemp_1.c ****     else
  59:.\Generated_Source\PSoC4/DieTemp_1.c ****     {
  60:.\Generated_Source\PSoC4/DieTemp_1.c ****         /* Shift (40 + tInitial) by 4 bits to prevent scale-adjustment from overflowing. */
  61:.\Generated_Source\PSoC4/DieTemp_1.c ****         /* Then divide by the integer bits of (40 + cutoff) to end up with a Q16.16 tAdjust */
  62:.\Generated_Source\PSoC4/DieTemp_1.c ****         tAdjust = ((int32)DieTemp_1_SCALE_ADJUSTMENT * (((int32)DieTemp_1_LOW_TEMPERATURE + tInitia
  73              		.loc 1 62 0
  74 0032 A023     		mov	r3, #160
  75 0034 9B03     		lsl	r3, r3, #14
  76 0036 E318     		add	r3, r4, r3
  63:.\Generated_Source\PSoC4/DieTemp_1.c ****            / (int32)DieTemp_1_SCALE_ADJUSTMENT_DIVIDER)) /
  77              		.loc 1 63 0
  78 0038 D817     		asr	r0, r3, #31
  79 003a 000F     		lsr	r0, r0, #28
  80 003c C018     		add	r0, r0, r3
  81 003e 0011     		asr	r0, r0, #4
  62:.\Generated_Source\PSoC4/DieTemp_1.c ****            / (int32)DieTemp_1_SCALE_ADJUSTMENT_DIVIDER)) /
  82              		.loc 1 62 0
  83 0040 C000     		lsl	r0, r0, #3
  84 0042 3721     		mov	r1, #55
  85              	.LVL9:
  86 0044 FFF7FEFF 		bl	__aeabi_idiv
  87              	.LVL10:
  88              	.L3:
  64:.\Generated_Source\PSoC4/DieTemp_1.c ****             (((int32)DieTemp_1_LOW_TEMPERATURE + (int32)DieTemp_1_DUAL_SLOPE_CORRECTION) /
  65:.\Generated_Source\PSoC4/DieTemp_1.c ****             (int32)DieTemp_1_SAR_TEMP_DIVIDER);
  66:.\Generated_Source\PSoC4/DieTemp_1.c ****     }
  67:.\Generated_Source\PSoC4/DieTemp_1.c **** 
  68:.\Generated_Source\PSoC4/DieTemp_1.c ****     /* Add tInitial + tAdjust + 0.5 to round to nearest int. Shift off frac bits, and return. */
  69:.\Generated_Source\PSoC4/DieTemp_1.c ****     tempCelsius = tInitial + tAdjust + DieTemp_1_HALF_OF_ONE;
  89              		.loc 1 69 0
  90 0048 2318     		add	r3, r4, r0
  91 004a 8022     		mov	r2, #128
  92 004c 1202     		lsl	r2, r2, #8
  93 004e 9446     		mov	ip, r2
  94 0050 6344     		add	r3, r3, ip
  95              	.LVL11:
  70:.\Generated_Source\PSoC4/DieTemp_1.c **** 
  71:.\Generated_Source\PSoC4/DieTemp_1.c ****     return (tempCelsius / DieTemp_1_SAR_TEMP_OFFSET_DIVIDER);
  96              		.loc 1 71 0
  97 0052 D817     		asr	r0, r3, #31
  98              	.LVL12:
ARM GAS  C:\Users\Nick\AppData\Local\Temp\ccyPIJy9.s 			page 4


  99 0054 000C     		lsr	r0, r0, #16
 100 0056 C018     		add	r0, r0, r3
 101 0058 0014     		asr	r0, r0, #16
  72:.\Generated_Source\PSoC4/DieTemp_1.c **** }
 102              		.loc 1 72 0
 103              		@ sp needed
 104              	.LVL13:
 105 005a 10BD     		pop	{r4, pc}
 106              	.L5:
 107              		.align	2
 108              	.L4:
 109 005c 66F1FF0F 		.word	268431718
 110 0060 64F1FF0F 		.word	268431716
 111 0064 FFFF0E00 		.word	983039
 112              		.cfi_endproc
 113              	.LFE1:
 114              		.size	DieTemp_1_CountsTo_Celsius, .-DieTemp_1_CountsTo_Celsius
 115              		.text
 116              	.Letext0:
 117              		.file 2 ".\\Generated_Source\\PSoC4\\cytypes.h"
 118              		.section	.debug_info,"",%progbits
 119              	.Ldebug_info0:
 120 0000 27010000 		.4byte	0x127
 121 0004 0400     		.2byte	0x4
 122 0006 00000000 		.4byte	.Ldebug_abbrev0
 123 000a 04       		.byte	0x4
 124 000b 01       		.uleb128 0x1
 125 000c 3B010000 		.4byte	.LASF22
 126 0010 01       		.byte	0x1
 127 0011 16010000 		.4byte	.LASF23
 128 0015 DE000000 		.4byte	.LASF24
 129 0019 00000000 		.4byte	.Ldebug_ranges0+0
 130 001d 00000000 		.4byte	0
 131 0021 00000000 		.4byte	.Ldebug_line0
 132 0025 02       		.uleb128 0x2
 133 0026 01       		.byte	0x1
 134 0027 06       		.byte	0x6
 135 0028 D2000000 		.4byte	.LASF0
 136 002c 02       		.uleb128 0x2
 137 002d 01       		.byte	0x1
 138 002e 08       		.byte	0x8
 139 002f 6E000000 		.4byte	.LASF1
 140 0033 02       		.uleb128 0x2
 141 0034 02       		.byte	0x2
 142 0035 05       		.byte	0x5
 143 0036 CF010000 		.4byte	.LASF2
 144 003a 02       		.uleb128 0x2
 145 003b 02       		.byte	0x2
 146 003c 07       		.byte	0x7
 147 003d BF000000 		.4byte	.LASF3
 148 0041 02       		.uleb128 0x2
 149 0042 04       		.byte	0x4
 150 0043 05       		.byte	0x5
 151 0044 89000000 		.4byte	.LASF4
 152 0048 02       		.uleb128 0x2
 153 0049 04       		.byte	0x4
 154 004a 07       		.byte	0x7
ARM GAS  C:\Users\Nick\AppData\Local\Temp\ccyPIJy9.s 			page 5


 155 004b 36000000 		.4byte	.LASF5
 156 004f 02       		.uleb128 0x2
 157 0050 08       		.byte	0x8
 158 0051 05       		.byte	0x5
 159 0052 00000000 		.4byte	.LASF6
 160 0056 02       		.uleb128 0x2
 161 0057 08       		.byte	0x8
 162 0058 07       		.byte	0x7
 163 0059 48000000 		.4byte	.LASF7
 164 005d 03       		.uleb128 0x3
 165 005e 04       		.byte	0x4
 166 005f 05       		.byte	0x5
 167 0060 696E7400 		.ascii	"int\000"
 168 0064 02       		.uleb128 0x2
 169 0065 04       		.byte	0x4
 170 0066 07       		.byte	0x7
 171 0067 0E000000 		.4byte	.LASF8
 172 006b 04       		.uleb128 0x4
 173 006c D9010000 		.4byte	.LASF9
 174 0070 02       		.byte	0x2
 175 0071 3901     		.2byte	0x139
 176 0073 3A000000 		.4byte	0x3a
 177 0077 04       		.uleb128 0x4
 178 0078 C9010000 		.4byte	.LASF10
 179 007c 02       		.byte	0x2
 180 007d 3C01     		.2byte	0x13c
 181 007f 33000000 		.4byte	0x33
 182 0083 04       		.uleb128 0x4
 183 0084 F1010000 		.4byte	.LASF11
 184 0088 02       		.byte	0x2
 185 0089 3D01     		.2byte	0x13d
 186 008b 41000000 		.4byte	0x41
 187 008f 02       		.uleb128 0x2
 188 0090 04       		.byte	0x4
 189 0091 04       		.byte	0x4
 190 0092 68000000 		.4byte	.LASF12
 191 0096 02       		.uleb128 0x2
 192 0097 08       		.byte	0x8
 193 0098 04       		.byte	0x4
 194 0099 A2000000 		.4byte	.LASF13
 195 009d 02       		.uleb128 0x2
 196 009e 01       		.byte	0x1
 197 009f 08       		.byte	0x8
 198 00a0 7C000000 		.4byte	.LASF14
 199 00a4 04       		.uleb128 0x4
 200 00a5 9C000000 		.4byte	.LASF15
 201 00a9 02       		.byte	0x2
 202 00aa E301     		.2byte	0x1e3
 203 00ac B0000000 		.4byte	0xb0
 204 00b0 05       		.uleb128 0x5
 205 00b1 6B000000 		.4byte	0x6b
 206 00b5 02       		.uleb128 0x2
 207 00b6 04       		.byte	0x4
 208 00b7 07       		.byte	0x7
 209 00b8 E8010000 		.4byte	.LASF16
 210 00bc 06       		.uleb128 0x6
 211 00bd 1B000000 		.4byte	.LASF25
ARM GAS  C:\Users\Nick\AppData\Local\Temp\ccyPIJy9.s 			page 6


 212 00c1 01       		.byte	0x1
 213 00c2 24       		.byte	0x24
 214 00c3 83000000 		.4byte	0x83
 215 00c7 00000000 		.4byte	.LFB1
 216 00cb 68000000 		.4byte	.LFE1-.LFB1
 217 00cf 01       		.uleb128 0x1
 218 00d0 9C       		.byte	0x9c
 219 00d1 07       		.uleb128 0x7
 220 00d2 A9000000 		.4byte	.LASF26
 221 00d6 01       		.byte	0x1
 222 00d7 24       		.byte	0x24
 223 00d8 83000000 		.4byte	0x83
 224 00dc 00000000 		.4byte	.LLST0
 225 00e0 08       		.uleb128 0x8
 226 00e1 B3000000 		.4byte	.LASF17
 227 00e5 01       		.byte	0x1
 228 00e6 26       		.byte	0x26
 229 00e7 83000000 		.4byte	0x83
 230 00eb 01       		.uleb128 0x1
 231 00ec 53       		.byte	0x53
 232 00ed 09       		.uleb128 0x9
 233 00ee 5F000000 		.4byte	.LASF18
 234 00f2 01       		.byte	0x1
 235 00f3 27       		.byte	0x27
 236 00f4 83000000 		.4byte	0x83
 237 00f8 21000000 		.4byte	.LLST1
 238 00fc 09       		.uleb128 0x9
 239 00fd 81000000 		.4byte	.LASF19
 240 0101 01       		.byte	0x1
 241 0102 28       		.byte	0x28
 242 0103 83000000 		.4byte	0x83
 243 0107 34000000 		.4byte	.LLST2
 244 010b 09       		.uleb128 0x9
 245 010c 92000000 		.4byte	.LASF20
 246 0110 01       		.byte	0x1
 247 0111 29       		.byte	0x29
 248 0112 83000000 		.4byte	0x83
 249 0116 52000000 		.4byte	.LLST3
 250 011a 09       		.uleb128 0x9
 251 011b E0010000 		.4byte	.LASF21
 252 011f 01       		.byte	0x1
 253 0120 2A       		.byte	0x2a
 254 0121 83000000 		.4byte	0x83
 255 0125 65000000 		.4byte	.LLST4
 256 0129 00       		.byte	0
 257 012a 00       		.byte	0
 258              		.section	.debug_abbrev,"",%progbits
 259              	.Ldebug_abbrev0:
 260 0000 01       		.uleb128 0x1
 261 0001 11       		.uleb128 0x11
 262 0002 01       		.byte	0x1
 263 0003 25       		.uleb128 0x25
 264 0004 0E       		.uleb128 0xe
 265 0005 13       		.uleb128 0x13
 266 0006 0B       		.uleb128 0xb
 267 0007 03       		.uleb128 0x3
 268 0008 0E       		.uleb128 0xe
ARM GAS  C:\Users\Nick\AppData\Local\Temp\ccyPIJy9.s 			page 7


 269 0009 1B       		.uleb128 0x1b
 270 000a 0E       		.uleb128 0xe
 271 000b 55       		.uleb128 0x55
 272 000c 17       		.uleb128 0x17
 273 000d 11       		.uleb128 0x11
 274 000e 01       		.uleb128 0x1
 275 000f 10       		.uleb128 0x10
 276 0010 17       		.uleb128 0x17
 277 0011 00       		.byte	0
 278 0012 00       		.byte	0
 279 0013 02       		.uleb128 0x2
 280 0014 24       		.uleb128 0x24
 281 0015 00       		.byte	0
 282 0016 0B       		.uleb128 0xb
 283 0017 0B       		.uleb128 0xb
 284 0018 3E       		.uleb128 0x3e
 285 0019 0B       		.uleb128 0xb
 286 001a 03       		.uleb128 0x3
 287 001b 0E       		.uleb128 0xe
 288 001c 00       		.byte	0
 289 001d 00       		.byte	0
 290 001e 03       		.uleb128 0x3
 291 001f 24       		.uleb128 0x24
 292 0020 00       		.byte	0
 293 0021 0B       		.uleb128 0xb
 294 0022 0B       		.uleb128 0xb
 295 0023 3E       		.uleb128 0x3e
 296 0024 0B       		.uleb128 0xb
 297 0025 03       		.uleb128 0x3
 298 0026 08       		.uleb128 0x8
 299 0027 00       		.byte	0
 300 0028 00       		.byte	0
 301 0029 04       		.uleb128 0x4
 302 002a 16       		.uleb128 0x16
 303 002b 00       		.byte	0
 304 002c 03       		.uleb128 0x3
 305 002d 0E       		.uleb128 0xe
 306 002e 3A       		.uleb128 0x3a
 307 002f 0B       		.uleb128 0xb
 308 0030 3B       		.uleb128 0x3b
 309 0031 05       		.uleb128 0x5
 310 0032 49       		.uleb128 0x49
 311 0033 13       		.uleb128 0x13
 312 0034 00       		.byte	0
 313 0035 00       		.byte	0
 314 0036 05       		.uleb128 0x5
 315 0037 35       		.uleb128 0x35
 316 0038 00       		.byte	0
 317 0039 49       		.uleb128 0x49
 318 003a 13       		.uleb128 0x13
 319 003b 00       		.byte	0
 320 003c 00       		.byte	0
 321 003d 06       		.uleb128 0x6
 322 003e 2E       		.uleb128 0x2e
 323 003f 01       		.byte	0x1
 324 0040 3F       		.uleb128 0x3f
 325 0041 19       		.uleb128 0x19
ARM GAS  C:\Users\Nick\AppData\Local\Temp\ccyPIJy9.s 			page 8


 326 0042 03       		.uleb128 0x3
 327 0043 0E       		.uleb128 0xe
 328 0044 3A       		.uleb128 0x3a
 329 0045 0B       		.uleb128 0xb
 330 0046 3B       		.uleb128 0x3b
 331 0047 0B       		.uleb128 0xb
 332 0048 27       		.uleb128 0x27
 333 0049 19       		.uleb128 0x19
 334 004a 49       		.uleb128 0x49
 335 004b 13       		.uleb128 0x13
 336 004c 11       		.uleb128 0x11
 337 004d 01       		.uleb128 0x1
 338 004e 12       		.uleb128 0x12
 339 004f 06       		.uleb128 0x6
 340 0050 40       		.uleb128 0x40
 341 0051 18       		.uleb128 0x18
 342 0052 9642     		.uleb128 0x2116
 343 0054 19       		.uleb128 0x19
 344 0055 00       		.byte	0
 345 0056 00       		.byte	0
 346 0057 07       		.uleb128 0x7
 347 0058 05       		.uleb128 0x5
 348 0059 00       		.byte	0
 349 005a 03       		.uleb128 0x3
 350 005b 0E       		.uleb128 0xe
 351 005c 3A       		.uleb128 0x3a
 352 005d 0B       		.uleb128 0xb
 353 005e 3B       		.uleb128 0x3b
 354 005f 0B       		.uleb128 0xb
 355 0060 49       		.uleb128 0x49
 356 0061 13       		.uleb128 0x13
 357 0062 02       		.uleb128 0x2
 358 0063 17       		.uleb128 0x17
 359 0064 00       		.byte	0
 360 0065 00       		.byte	0
 361 0066 08       		.uleb128 0x8
 362 0067 34       		.uleb128 0x34
 363 0068 00       		.byte	0
 364 0069 03       		.uleb128 0x3
 365 006a 0E       		.uleb128 0xe
 366 006b 3A       		.uleb128 0x3a
 367 006c 0B       		.uleb128 0xb
 368 006d 3B       		.uleb128 0x3b
 369 006e 0B       		.uleb128 0xb
 370 006f 49       		.uleb128 0x49
 371 0070 13       		.uleb128 0x13
 372 0071 02       		.uleb128 0x2
 373 0072 18       		.uleb128 0x18
 374 0073 00       		.byte	0
 375 0074 00       		.byte	0
 376 0075 09       		.uleb128 0x9
 377 0076 34       		.uleb128 0x34
 378 0077 00       		.byte	0
 379 0078 03       		.uleb128 0x3
 380 0079 0E       		.uleb128 0xe
 381 007a 3A       		.uleb128 0x3a
 382 007b 0B       		.uleb128 0xb
ARM GAS  C:\Users\Nick\AppData\Local\Temp\ccyPIJy9.s 			page 9


 383 007c 3B       		.uleb128 0x3b
 384 007d 0B       		.uleb128 0xb
 385 007e 49       		.uleb128 0x49
 386 007f 13       		.uleb128 0x13
 387 0080 02       		.uleb128 0x2
 388 0081 17       		.uleb128 0x17
 389 0082 00       		.byte	0
 390 0083 00       		.byte	0
 391 0084 00       		.byte	0
 392              		.section	.debug_loc,"",%progbits
 393              	.Ldebug_loc0:
 394              	.LLST0:
 395 0000 00000000 		.4byte	.LVL0
 396 0004 10000000 		.4byte	.LVL3
 397 0008 0100     		.2byte	0x1
 398 000a 50       		.byte	0x50
 399 000b 10000000 		.4byte	.LVL3
 400 000f 68000000 		.4byte	.LFE1
 401 0013 0400     		.2byte	0x4
 402 0015 F3       		.byte	0xf3
 403 0016 01       		.uleb128 0x1
 404 0017 50       		.byte	0x50
 405 0018 9F       		.byte	0x9f
 406 0019 00000000 		.4byte	0
 407 001d 00000000 		.4byte	0
 408              	.LLST1:
 409 0021 14000000 		.4byte	.LVL5
 410 0025 5A000000 		.4byte	.LVL13
 411 0029 0100     		.2byte	0x1
 412 002b 54       		.byte	0x54
 413 002c 00000000 		.4byte	0
 414 0030 00000000 		.4byte	0
 415              	.LLST2:
 416 0034 30000000 		.4byte	.LVL7
 417 0038 32000000 		.4byte	.LVL8
 418 003c 0100     		.2byte	0x1
 419 003e 50       		.byte	0x50
 420 003f 48000000 		.4byte	.LVL10
 421 0043 54000000 		.4byte	.LVL12
 422 0047 0100     		.2byte	0x1
 423 0049 50       		.byte	0x50
 424 004a 00000000 		.4byte	0
 425 004e 00000000 		.4byte	0
 426              	.LLST3:
 427 0052 08000000 		.4byte	.LVL1
 428 0056 12000000 		.4byte	.LVL4
 429 005a 0100     		.2byte	0x1
 430 005c 52       		.byte	0x52
 431 005d 00000000 		.4byte	0
 432 0061 00000000 		.4byte	0
 433              	.LLST4:
 434 0065 0E000000 		.4byte	.LVL2
 435 0069 14000000 		.4byte	.LVL5
 436 006d 0100     		.2byte	0x1
 437 006f 54       		.byte	0x54
 438 0070 14000000 		.4byte	.LVL5
 439 0074 2C000000 		.4byte	.LVL6
ARM GAS  C:\Users\Nick\AppData\Local\Temp\ccyPIJy9.s 			page 10


 440 0078 0700     		.2byte	0x7
 441 007a 71       		.byte	0x71
 442 007b 00       		.sleb128 0
 443 007c 40       		.byte	0x40
 444 007d 24       		.byte	0x24
 445 007e 40       		.byte	0x40
 446 007f 26       		.byte	0x26
 447 0080 9F       		.byte	0x9f
 448 0081 32000000 		.4byte	.LVL8
 449 0085 44000000 		.4byte	.LVL9
 450 0089 0700     		.2byte	0x7
 451 008b 71       		.byte	0x71
 452 008c 00       		.sleb128 0
 453 008d 40       		.byte	0x40
 454 008e 24       		.byte	0x24
 455 008f 40       		.byte	0x40
 456 0090 26       		.byte	0x26
 457 0091 9F       		.byte	0x9f
 458 0092 00000000 		.4byte	0
 459 0096 00000000 		.4byte	0
 460              		.section	.debug_aranges,"",%progbits
 461 0000 1C000000 		.4byte	0x1c
 462 0004 0200     		.2byte	0x2
 463 0006 00000000 		.4byte	.Ldebug_info0
 464 000a 04       		.byte	0x4
 465 000b 00       		.byte	0
 466 000c 0000     		.2byte	0
 467 000e 0000     		.2byte	0
 468 0010 00000000 		.4byte	.LFB1
 469 0014 68000000 		.4byte	.LFE1-.LFB1
 470 0018 00000000 		.4byte	0
 471 001c 00000000 		.4byte	0
 472              		.section	.debug_ranges,"",%progbits
 473              	.Ldebug_ranges0:
 474 0000 00000000 		.4byte	.LFB1
 475 0004 68000000 		.4byte	.LFE1
 476 0008 00000000 		.4byte	0
 477 000c 00000000 		.4byte	0
 478              		.section	.debug_line,"",%progbits
 479              	.Ldebug_line0:
 480 0000 6C000000 		.section	.debug_str,"MS",%progbits,1
 480      02004800 
 480      00000201 
 480      FB0E0D00 
 480      01010101 
 481              	.LASF6:
 482 0000 6C6F6E67 		.ascii	"long long int\000"
 482      206C6F6E 
 482      6720696E 
 482      7400
 483              	.LASF8:
 484 000e 756E7369 		.ascii	"unsigned int\000"
 484      676E6564 
 484      20696E74 
 484      00
 485              	.LASF25:
 486 001b 44696554 		.ascii	"DieTemp_1_CountsTo_Celsius\000"
ARM GAS  C:\Users\Nick\AppData\Local\Temp\ccyPIJy9.s 			page 11


 486      656D705F 
 486      315F436F 
 486      756E7473 
 486      546F5F43 
 487              	.LASF5:
 488 0036 6C6F6E67 		.ascii	"long unsigned int\000"
 488      20756E73 
 488      69676E65 
 488      6420696E 
 488      7400
 489              	.LASF7:
 490 0048 6C6F6E67 		.ascii	"long long unsigned int\000"
 490      206C6F6E 
 490      6720756E 
 490      7369676E 
 490      65642069 
 491              	.LASF18:
 492 005f 74496E69 		.ascii	"tInitial\000"
 492      7469616C 
 492      00
 493              	.LASF12:
 494 0068 666C6F61 		.ascii	"float\000"
 494      7400
 495              	.LASF1:
 496 006e 756E7369 		.ascii	"unsigned char\000"
 496      676E6564 
 496      20636861 
 496      7200
 497              	.LASF14:
 498 007c 63686172 		.ascii	"char\000"
 498      00
 499              	.LASF19:
 500 0081 7441646A 		.ascii	"tAdjust\000"
 500      75737400 
 501              	.LASF4:
 502 0089 6C6F6E67 		.ascii	"long int\000"
 502      20696E74 
 502      00
 503              	.LASF20:
 504 0092 6F666673 		.ascii	"offsetReg\000"
 504      65745265 
 504      6700
 505              	.LASF15:
 506 009c 72656731 		.ascii	"reg16\000"
 506      3600
 507              	.LASF13:
 508 00a2 646F7562 		.ascii	"double\000"
 508      6C6500
 509              	.LASF26:
 510 00a9 61646343 		.ascii	"adcCounts\000"
 510      6F756E74 
 510      7300
 511              	.LASF17:
 512 00b3 74656D70 		.ascii	"tempCelsius\000"
 512      43656C73 
 512      69757300 
 513              	.LASF3:
ARM GAS  C:\Users\Nick\AppData\Local\Temp\ccyPIJy9.s 			page 12


 514 00bf 73686F72 		.ascii	"short unsigned int\000"
 514      7420756E 
 514      7369676E 
 514      65642069 
 514      6E7400
 515              	.LASF0:
 516 00d2 7369676E 		.ascii	"signed char\000"
 516      65642063 
 516      68617200 
 517              	.LASF24:
 518 00de 433A5C55 		.ascii	"C:\\Users\\Nick\\Documents\\PSoC Creator\\PSOC4MIO_"
 518      73657273 
 518      5C4E6963 
 518      6B5C446F 
 518      63756D65 
 519 010c 48414C2E 		.ascii	"HAL.cydsn\000"
 519      63796473 
 519      6E00
 520              	.LASF23:
 521 0116 2E5C4765 		.ascii	".\\Generated_Source\\PSoC4\\DieTemp_1.c\000"
 521      6E657261 
 521      7465645F 
 521      536F7572 
 521      63655C50 
 522              	.LASF22:
 523 013b 474E5520 		.ascii	"GNU C 4.9.3 20150303 (release) [ARM/embedded-4_9-br"
 523      4320342E 
 523      392E3320 
 523      32303135 
 523      30333033 
 524 016e 616E6368 		.ascii	"anch revision 221220] -mcpu=cortex-m0 -mthumb -g -O"
 524      20726576 
 524      6973696F 
 524      6E203232 
 524      31323230 
 525 01a1 67202D66 		.ascii	"g -ffunction-sections -ffat-lto-objects\000"
 525      66756E63 
 525      74696F6E 
 525      2D736563 
 525      74696F6E 
 526              	.LASF10:
 527 01c9 696E7431 		.ascii	"int16\000"
 527      3600
 528              	.LASF2:
 529 01cf 73686F72 		.ascii	"short int\000"
 529      7420696E 
 529      7400
 530              	.LASF9:
 531 01d9 75696E74 		.ascii	"uint16\000"
 531      313600
 532              	.LASF21:
 533 01e0 6D756C74 		.ascii	"multReg\000"
 533      52656700 
 534              	.LASF16:
 535 01e8 73697A65 		.ascii	"sizetype\000"
 535      74797065 
 535      00
ARM GAS  C:\Users\Nick\AppData\Local\Temp\ccyPIJy9.s 			page 13


 536              	.LASF11:
 537 01f1 696E7433 		.ascii	"int32\000"
 537      3200
 538              		.ident	"GCC: (GNU Tools for ARM Embedded Processors) 4.9.3 20150303 (release) [ARM/embedded-4_9-br
